2025-07-02 03:52:52 - Starting UmsApplication using Java 23.0.2 with PID 43223 (/Users/sonyzaman/Downloads/Spring 2/5. Aop/ums/target/classes started by sonyzaman in /Users/sonyzaman/Downloads/Spring 2/5. Aop/ums)
2025-07-02 03:52:52 - Running with Spring Boot v3.4.5, Spring v6.2.6
2025-07-02 03:52:52 - No active profile set, falling back to 1 default profile: "default"
2025-07-02 03:52:53 - Bootstrapping Spring Data JDBC repositories in DEFAULT mode.
2025-07-02 03:52:53 - Finished Spring Data repository scanning in 14 ms. Found 0 JDBC repository interfaces.
2025-07-02 03:52:53 - Tomcat initialized with port 8083 (http)
2025-07-02 03:52:53 - Starting service [Tomcat]
2025-07-02 03:52:53 - Starting Servlet engine: [Apache Tomcat/10.1.40]
2025-07-02 03:52:53 - Initializing Spring embedded WebApplicationContext
2025-07-02 03:52:53 - Root WebApplicationContext: initialization completed in 1031 ms
2025-07-02 03:52:53 - HikariPool-1 - Starting...
2025-07-02 03:52:54 - HikariPool-1 - Added connection com.mysql.cj.jdbc.ConnectionImpl@3b9ac754
2025-07-02 03:52:54 - HikariPool-1 - Start completed.
2025-07-02 03:52:54 - No authentication manager set. Reauthentication of users when changing passwords will not be performed.
2025-07-02 03:52:54 - Global AuthenticationManager configured with UserDetailsService bean with name userDetailsService
2025-07-02 03:52:54 - Tomcat started on port 8083 (http) with context path '/'
2025-07-02 03:52:54 - Started UmsApplication in 2.368 seconds (process running for 2.595)
2025-07-02 03:53:56 - Initializing Spring DispatcherServlet 'dispatcherServlet'
2025-07-02 03:53:56 - Initializing Servlet 'dispatcherServlet'
2025-07-02 03:53:56 - Completed initialization in 2 ms
2025-07-02 03:54:14 - User: Anonymous, Accessed Method: getAllUsers, Timestamp: 2025-07-02T03:54:14.812651
2025-07-02 03:54:14 - User: Anonymous, Successfully Executed Method: getAllUsers, Timestamp: 2025-07-02T03:54:14.897984
2025-07-02 04:10:58 - Commencing graceful shutdown. Waiting for active requests to complete
2025-07-02 04:10:58 - Graceful shutdown complete
2025-07-02 04:10:58 - HikariPool-1 - Shutdown initiated...
2025-07-02 04:10:58 - HikariPool-1 - Shutdown completed.
2025-07-02 07:36:19 - Starting UmsApplication using Java 23.0.2 with PID 47031 (/Users/sonyzaman/Downloads/Spring 2/5. Aop/ums/target/classes started by sonyzaman in /Users/sonyzaman/Downloads/Spring 2/5. Aop/ums)
2025-07-02 07:36:19 - Running with Spring Boot v3.4.5, Spring v6.2.6
2025-07-02 07:36:19 - No active profile set, falling back to 1 default profile: "default"
2025-07-02 07:36:20 - Bootstrapping Spring Data JDBC repositories in DEFAULT mode.
2025-07-02 07:36:20 - Finished Spring Data repository scanning in 16 ms. Found 0 JDBC repository interfaces.
2025-07-02 07:36:20 - Tomcat initialized with port 8083 (http)
2025-07-02 07:36:20 - Starting service [Tomcat]
2025-07-02 07:36:20 - Starting Servlet engine: [Apache Tomcat/10.1.40]
2025-07-02 07:36:20 - Initializing Spring embedded WebApplicationContext
2025-07-02 07:36:20 - Root WebApplicationContext: initialization completed in 1485 ms
2025-07-02 07:36:21 - HikariPool-1 - Starting...
2025-07-02 07:36:21 - HikariPool-1 - Added connection com.mysql.cj.jdbc.ConnectionImpl@798deee8
2025-07-02 07:36:21 - HikariPool-1 - Start completed.
2025-07-02 07:36:21 - No authentication manager set. Reauthentication of users when changing passwords will not be performed.
2025-07-02 07:36:21 - Global AuthenticationManager configured with UserDetailsService bean with name userDetailsService
2025-07-02 07:36:22 - Tomcat started on port 8083 (http) with context path '/'
2025-07-02 07:36:22 - Started UmsApplication in 3.529 seconds (process running for 4.0)
2025-07-02 07:37:21 - Commencing graceful shutdown. Waiting for active requests to complete
2025-07-02 07:37:21 - Graceful shutdown complete
2025-07-02 07:37:21 - HikariPool-1 - Shutdown initiated...
2025-07-02 07:37:21 - HikariPool-1 - Shutdown completed.
